0 info it worked if it ends with ok
1 verbose cli [ '/Users/liangduan/.tnvm/versions/node/v6.9.2/bin/node',
1 verbose cli   '/Users/liangduan/.tnvm/versions/node/v6.9.2/bin/npm',
1 verbose cli   'run',
1 verbose cli   'benchmark:socket' ]
2 info using npm@3.10.9
3 info using node@v6.9.2
4 verbose run-script [ 'prebenchmark:socket',
4 verbose run-script   'benchmark:socket',
4 verbose run-script   'postbenchmark:socket' ]
5 info lifecycle kcp-node@1.0.0~prebenchmark:socket: kcp-node@1.0.0
6 silly lifecycle kcp-node@1.0.0~prebenchmark:socket: no script for prebenchmark:socket, continuing
7 info lifecycle kcp-node@1.0.0~benchmark:socket: kcp-node@1.0.0
8 verbose lifecycle kcp-node@1.0.0~benchmark:socket: unsafe-perm in lifecycle true
9 verbose lifecycle kcp-node@1.0.0~benchmark:socket: PATH: /Users/liangduan/.tnvm/versions/node/v6.9.2/lib/node_modules/npm/bin/node-gyp-bin:/Users/liangduan/code/github/kcp-node/node_modules/.bin:/Users/liangduan/.tnvm/versions/node/v6.9.2/bin:/usr/local/bin:/usr/bin:/bin:/usr/sbin:/sbin:/opt/X11/bin:/usr/local/go/bin
10 verbose lifecycle kcp-node@1.0.0~benchmark:socket: CWD: /Users/liangduan/code/github/kcp-node
11 silly lifecycle kcp-node@1.0.0~benchmark:socket: Args: [ '-c', 'node lib/__tests__/socket.benchmark.js' ]
12 silly lifecycle kcp-node@1.0.0~benchmark:socket: Returned: code: 1  signal: null
13 info lifecycle kcp-node@1.0.0~benchmark:socket: Failed to exec benchmark:socket script
14 verbose stack Error: kcp-node@1.0.0 benchmark:socket: `node lib/__tests__/socket.benchmark.js`
14 verbose stack Exit status 1
14 verbose stack     at EventEmitter.<anonymous> (/Users/liangduan/.tnvm/versions/node/v6.9.2/lib/node_modules/npm/lib/utils/lifecycle.js:255:16)
14 verbose stack     at emitTwo (events.js:106:13)
14 verbose stack     at EventEmitter.emit (events.js:191:7)
14 verbose stack     at ChildProcess.<anonymous> (/Users/liangduan/.tnvm/versions/node/v6.9.2/lib/node_modules/npm/lib/utils/spawn.js:40:14)
14 verbose stack     at emitTwo (events.js:106:13)
14 verbose stack     at ChildProcess.emit (events.js:191:7)
14 verbose stack     at maybeClose (internal/child_process.js:877:16)
14 verbose stack     at Process.ChildProcess._handle.onexit (internal/child_process.js:226:5)
15 verbose pkgid kcp-node@1.0.0
16 verbose cwd /Users/liangduan/code/github/kcp-node
17 error Darwin 15.6.0
18 error argv "/Users/liangduan/.tnvm/versions/node/v6.9.2/bin/node" "/Users/liangduan/.tnvm/versions/node/v6.9.2/bin/npm" "run" "benchmark:socket"
19 error node v6.9.2
20 error npm  v3.10.9
21 error code ELIFECYCLE
22 error kcp-node@1.0.0 benchmark:socket: `node lib/__tests__/socket.benchmark.js`
22 error Exit status 1
23 error Failed at the kcp-node@1.0.0 benchmark:socket script 'node lib/__tests__/socket.benchmark.js'.
23 error Make sure you have the latest version of node.js and npm installed.
23 error If you do, this is most likely a problem with the kcp-node package,
23 error not with npm itself.
23 error Tell the author that this fails on your system:
23 error     node lib/__tests__/socket.benchmark.js
23 error You can get information on how to open an issue for this project with:
23 error     npm bugs kcp-node
23 error Or if that isn't available, you can get their info via:
23 error     npm owner ls kcp-node
23 error There is likely additional logging output above.
24 verbose exit [ 1, true ]
